<?xml version="1.0" encoding="UTF-8"?>
<!-- Generated by org.testng.reporters.JUnitReportReporter -->
<testsuite hostname="DESKTOP-R4NKMTL" failures="0" tests="3" name="tests.cartTest" time="30.416" errors="0" timestamp="12 Nov 2024 05:58:04 GMT">
  <testcase classname="tests.cartTest" name="deleteFromCart" time="5.413"/>
  <testcase classname="tests.cartTest" name="validateCart" time="3.155"/>
  <testcase classname="tests.cartTest" name="addToCart" time="21.848"/>
</testsuite> <!-- tests.cartTest -->
