<?xml version="1.0" encoding="UTF-8"?>
<!-- Generated by org.testng.reporters.JUnitReportReporter -->
<testsuite hostname="DESKTOP-R4NKMTL" failures="0" tests="1" name="tests.contactTest" time="10.435" errors="0" timestamp="12 Nov 2024 05:58:04 GMT">
  <testcase classname="tests.contactTest" name="contactValidation" time="10.435"/>
</testsuite> <!-- tests.contactTest -->
